10/9/2023 10:48:00 AM	 Starting breakTradingManager.OnBarUpdate
10/9/2023 10:48:00 AM	 OnBarUpdate
10/9/2023 10:48:00 AM	 OnBarUpdate - Safety Checks
10/9/2023 10:48:00 AM	 OnBarUpdate - FirstBar of Session?
10/9/2023 10:48:00 AM	 OnBarUpdate - BarsInProgress - ReadyToTakeLong 15
10/9/2023 10:48:00 AM			 Breakout Ready to TakeLong - order null test 
10/9/2023 10:48:00 AM			 Breakout Ready to TakeLong - entriesTaken / maxEntriesPerDay 0/50
10/9/2023 10:48:00 AM			 Breakout Ready to TakeLong - Takelongs? True
10/9/2023 10:48:00 AM			 Breakout Ready to TakeLong - Insession True
10/9/2023 10:48:00 AM			 Breakout Ready to TakeLong - Consolidation test: Bullish_PullBack_DownInner
10/9/2023 10:48:00 AM	 OnBarUpdate - BarsInProgress - ReadyToTakeShort 15
10/9/2023 10:48:00 AM			 Breakout Ready to TakeShort - order null test 
10/9/2023 10:48:00 AM			 Breakout Ready to TakeShort - IsTimeFrame test
10/9/2023 10:48:00 AM	 OnBarUpdate - BarsInProgress - UpdatePriceAction
10/9/2023 10:48:00 AM Starting Price Action Update Bullish_PullBack_DownInner
10/9/2023 10:48:00 AM	 OnBarUpdate - BarsInProgress - RenderActiveHighAndLow
10/9/2023 10:48:00 AM	 OnBarUpdate - BarsInProgress - Renderconsolidations
					 RenderConsolidation - Config Value True
10/9/2023 10:48:00 AM	 OnBarUpdate - BarsInProgress - RenderUI
10/9/2023 10:48:00 AM	 OnBarUpdate - BarsInProgress - RenderDebugState
10/9/2023 10:48:00 AM	 OnBarUpdate - BarsInProgress- Move Stop Loss False
10/9/2023 10:48:00 AM	 Starting breakTradingManager.OnBarUpdate
10/9/2023 10:48:00 AM	 OnBarUpdate
10/9/2023 10:48:00 AM	 OnBarUpdate - Safety Checks
10/9/2023 10:48:00 AM	 OnBarUpdate - FirstBar of Session?
10/9/2023 10:48:00 AM	 OnBarUpdate - BarsInProgress - ReadyToTakeLong 5
10/9/2023 10:48:00 AM			 Breakout Ready to TakeLong - order null test 
10/9/2023 10:48:00 AM			 Breakout Ready to TakeLong - entriesTaken / maxEntriesPerDay 1/8
10/9/2023 10:48:00 AM			 Breakout Ready to TakeLong - Takelongs? True
10/9/2023 10:48:00 AM			 Breakout Ready to TakeLong - Insession True
10/9/2023 10:48:00 AM			 Breakout Ready to TakeLong - Consolidation test: Bullish_PullBack_DownInner
10/9/2023 10:48:00 AM	 OnBarUpdate - BarsInProgress - ReadyToTakeShort 5
10/9/2023 10:48:00 AM			 Breakout Ready to TakeShort - order null test 
10/9/2023 10:48:00 AM	 OnBarUpdate - BarsInProgress - UpdatePriceAction
10/9/2023 10:48:00 AM Starting Price Action Update Bullish_PullBack_DownInner
10/9/2023 10:48:00 AM	 OnBarUpdate - BarsInProgress - RenderActiveHighAndLow
10/9/2023 10:48:00 AM	 OnBarUpdate - BarsInProgress - Renderconsolidations
					 RenderConsolidation - Config Value True
10/9/2023 10:48:00 AM	 OnBarUpdate - BarsInProgress - RenderUI
10/9/2023 10:48:00 AM	 OnBarUpdate - BarsInProgress - RenderDebugState
10/9/2023 10:48:00 AM	 OnBarUpdate - BarsInProgress- Move Stop Loss False
10/9/2023 10:48:00 AM	 Starting breakTradingManager.OnBarUpdate
10/9/2023 10:48:00 AM	 OnBarUpdate
10/9/2023 10:48:00 AM	 OnBarUpdate - Safety Checks
10/9/2023 10:48:00 AM	 OnBarUpdate - FirstBar of Session?
10/9/2023 10:48:00 AM	 OnBarUpdate - BarsInProgress - ReadyToTakeLong 10
10/9/2023 10:48:00 AM			 Breakout Ready to TakeLong - order null test orderId='f538adc3e3ce4779b3b55e92f35787cc' account='Sim101' name='Short 10/9/2023 10:36:00 AM' orderState=Filled instrument='MYM 12-23' orderAction=SellShort orderType='Market' limitPrice=0 stopPrice=0 quantity=10 tif=Gtc oco='' filled=10 averageFillPrice=33513.8 onBehalfOf='' id=5917 time='2023-10-09 10:36:00' gtd='2099-12-01' statementDate='2023-10-09'
10/9/2023 10:48:00 AM	 OnBarUpdate - BarsInProgress - ReadyToTakeShort 10
10/9/2023 10:48:00 AM			 Breakout Ready to TakeShort - order null test orderId='f538adc3e3ce4779b3b55e92f35787cc' account='Sim101' name='Short 10/9/2023 10:36:00 AM' orderState=Filled instrument='MYM 12-23' orderAction=SellShort orderType='Market' limitPrice=0 stopPrice=0 quantity=10 tif=Gtc oco='' filled=10 averageFillPrice=33513.8 onBehalfOf='' id=5917 time='2023-10-09 10:36:00' gtd='2099-12-01' statementDate='2023-10-09'
10/9/2023 10:48:00 AM	 OnBarUpdate - BarsInProgress - UpdatePriceAction
10/9/2023 10:48:00 AM Starting Price Action Update Bearish_PullBack_UpInner
10/9/2023 10:48:00 AM	 OnBarUpdate - BarsInProgress - RenderActiveHighAndLow
10/9/2023 10:48:00 AM	 OnBarUpdate - BarsInProgress - Renderconsolidations
					 RenderConsolidation - Config Value True
10/9/2023 10:48:00 AM	 OnBarUpdate - BarsInProgress - RenderUI
10/9/2023 10:48:00 AM	 OnBarUpdate - BarsInProgress - RenderDebugState
10/9/2023 10:48:00 AM	 OnBarUpdate - BarsInProgress- Move Stop Loss False
10/9/2023 10:51:00 AM	 Starting breakTradingManager.OnBarUpdate
10/9/2023 10:51:00 AM	 OnBarUpdate
10/9/2023 10:51:00 AM	 OnBarUpdate - Safety Checks
10/9/2023 10:51:00 AM	 OnBarUpdate - FirstBar of Session?
10/9/2023 10:51:00 AM	 OnBarUpdate - BarsInProgress - ReadyToTakeLong 5
10/9/2023 10:51:00 AM			 Breakout Ready to TakeLong - order null test 
10/9/2023 10:51:00 AM			 Breakout Ready to TakeLong - entriesTaken / maxEntriesPerDay 1/8
10/9/2023 10:51:00 AM			 Breakout Ready to TakeLong - Takelongs? True
10/9/2023 10:51:00 AM			 Breakout Ready to TakeLong - Insession True
10/9/2023 10:51:00 AM			 Breakout Ready to TakeLong - Consolidation test: Bullish_PullBack_DownInner
10/9/2023 10:51:00 AM	 OnBarUpdate - BarsInProgress - ReadyToTakeShort 5
10/9/2023 10:51:00 AM			 Breakout Ready to TakeShort - order null test 
10/9/2023 10:51:00 AM	 OnBarUpdate - BarsInProgress - UpdatePriceAction
10/9/2023 10:51:00 AM Starting Price Action Update Bullish_PullBack_DownInner
10/9/2023 10:51:00 AM	 OnBarUpdate - BarsInProgress - RenderActiveHighAndLow
10/9/2023 10:51:00 AM	 OnBarUpdate - BarsInProgress - Renderconsolidations
					 RenderConsolidation - Config Value True
10/9/2023 10:51:00 AM	 OnBarUpdate - BarsInProgress - RenderUI
10/9/2023 10:51:00 AM	 OnBarUpdate - BarsInProgress - RenderDebugState
10/9/2023 10:51:00 AM	 OnBarUpdate - BarsInProgress- Move Stop Loss False
10/9/2023 10:51:00 AM	 Starting breakTradingManager.OnBarUpdate
10/9/2023 10:51:00 AM	 OnBarUpdate
10/9/2023 10:51:00 AM	 OnBarUpdate - Safety Checks
10/9/2023 10:51:00 AM	 OnBarUpdate - FirstBar of Session?
10/9/2023 10:51:00 AM	 OnBarUpdate - BarsInProgress - ReadyToTakeLong 15
10/9/2023 10:51:00 AM			 Breakout Ready to TakeLong - order null test 
10/9/2023 10:51:00 AM			 Breakout Ready to TakeLong - entriesTaken / maxEntriesPerDay 0/50
10/9/2023 10:51:00 AM			 Breakout Ready to TakeLong - Takelongs? True
10/9/2023 10:51:00 AM			 Breakout Ready to TakeLong - Insession True
10/9/2023 10:51:00 AM			 Breakout Ready to TakeLong - Consolidation test: Bullish_PullBack_DownInner
10/9/2023 10:51:00 AM	 OnBarUpdate - BarsInProgress - ReadyToTakeShort 15
10/9/2023 10:51:00 AM			 Breakout Ready to TakeShort - order null test 
10/9/2023 10:51:00 AM			 Breakout Ready to TakeShort - IsTimeFrame test
10/9/2023 10:51:00 AM	 OnBarUpdate - BarsInProgress - UpdatePriceAction
10/9/2023 10:51:00 AM Starting Price Action Update Bullish_PullBack_DownInner
10/9/2023 10:51:00 AM	 OnBarUpdate - BarsInProgress - RenderActiveHighAndLow
10/9/2023 10:51:00 AM	 OnBarUpdate - BarsInProgress - Renderconsolidations
					 RenderConsolidation - Config Value True
10/9/2023 10:51:00 AM	 OnBarUpdate - BarsInProgress - RenderUI
10/9/2023 10:51:00 AM	 OnBarUpdate - BarsInProgress - RenderDebugState
10/9/2023 10:51:00 AM	 OnBarUpdate - BarsInProgress- Move Stop Loss False
10/9/2023 10:51:00 AM	 Starting breakTradingManager.OnBarUpdate
10/9/2023 10:51:00 AM	 OnBarUpdate
10/9/2023 10:51:00 AM	 OnBarUpdate - Safety Checks
10/9/2023 10:51:00 AM	 OnBarUpdate - FirstBar of Session?
10/9/2023 10:51:00 AM	 OnBarUpdate - BarsInProgress - ReadyToTakeLong 10
10/9/2023 10:51:00 AM			 Breakout Ready to TakeLong - order null test orderId='f538adc3e3ce4779b3b55e92f35787cc' account='Sim101' name='Short 10/9/2023 10:36:00 AM' orderState=Filled instrument='MYM 12-23' orderAction=SellShort orderType='Market' limitPrice=0 stopPrice=0 quantity=10 tif=Gtc oco='' filled=10 averageFillPrice=33513.8 onBehalfOf='' id=5917 time='2023-10-09 10:36:00' gtd='2099-12-01' statementDate='2023-10-09'
10/9/2023 10:51:00 AM	 OnBarUpdate - BarsInProgress - ReadyToTakeShort 10
10/9/2023 10:51:00 AM			 Breakout Ready to TakeShort - order null test orderId='f538adc3e3ce4779b3b55e92f35787cc' account='Sim101' name='Short 10/9/2023 10:36:00 AM' orderState=Filled instrument='MYM 12-23' orderAction=SellShort orderType='Market' limitPrice=0 stopPrice=0 quantity=10 tif=Gtc oco='' filled=10 averageFillPrice=33513.8 onBehalfOf='' id=5917 time='2023-10-09 10:36:00' gtd='2099-12-01' statementDate='2023-10-09'
10/9/2023 10:51:00 AM	 OnBarUpdate - BarsInProgress - UpdatePriceAction
10/9/2023 10:51:00 AM Starting Price Action Update Bearish_PullBack_UpInner
10/9/2023 10:51:00 AM	 OnBarUpdate - BarsInProgress - RenderActiveHighAndLow
10/9/2023 10:51:00 AM	 OnBarUpdate - BarsInProgress - Renderconsolidations
					 RenderConsolidation - Config Value True
10/9/2023 10:51:00 AM	 OnBarUpdate - BarsInProgress - RenderUI
10/9/2023 10:51:00 AM	 OnBarUpdate - BarsInProgress - RenderDebugState
10/9/2023 10:51:00 AM	 OnBarUpdate - BarsInProgress- Move Stop Loss False
Main OnOrderUpdate PartFilled 120a28598ffe4486ae77eae293956cd4
OnOrderUpdate Start PartFilled 120a28598ffe4486ae77eae293956cd4
OnOrderUpdate - Done PartFilled 120a28598ffe4486ae77eae293956cd4
Main OnOrderUpdate done PartFilled 120a28598ffe4486ae77eae293956cd4
Main OnOrderUpdate CancelPending 70cc0223aca045a389f693e7bd54024a
OnOrderUpdate Start CancelPending 70cc0223aca045a389f693e7bd54024a
OnOrderUpdate - Done CancelPending 70cc0223aca045a389f693e7bd54024a
Main OnOrderUpdate done CancelPending 70cc0223aca045a389f693e7bd54024a
Main OnOrderUpdate CancelSubmitted 70cc0223aca045a389f693e7bd54024a
OnOrderUpdate Start CancelSubmitted 70cc0223aca045a389f693e7bd54024a
OnOrderUpdate - Done CancelSubmitted 70cc0223aca045a389f693e7bd54024a
Main OnOrderUpdate done CancelSubmitted 70cc0223aca045a389f693e7bd54024a
Main OnOrderUpdate ChangePending 1f4957e5e7fa4cb6849f24d0a00fcc7a
OnOrderUpdate Start ChangePending 1f4957e5e7fa4cb6849f24d0a00fcc7a
OnOrderUpdate - Done ChangePending 1f4957e5e7fa4cb6849f24d0a00fcc7a
Main OnOrderUpdate done ChangePending 1f4957e5e7fa4cb6849f24d0a00fcc7a
Main OnOrderUpdate ChangeSubmitted 1f4957e5e7fa4cb6849f24d0a00fcc7a
OnOrderUpdate Start ChangeSubmitted 1f4957e5e7fa4cb6849f24d0a00fcc7a
OnOrderUpdate - Done ChangeSubmitted 1f4957e5e7fa4cb6849f24d0a00fcc7a
Main OnOrderUpdate done ChangeSubmitted 1f4957e5e7fa4cb6849f24d0a00fcc7a
Calling Breakout OnExecutionUpdate
Execution Order Name: static1 10/9/2023 10:36:00 AM
Main OnOrderUpdate Filled 120a28598ffe4486ae77eae293956cd4
OnOrderUpdate Start Filled 120a28598ffe4486ae77eae293956cd4
Entry: orderId='f538adc3e3ce4779b3b55e92f35787cc' account='Sim101' name='Short 10/9/2023 10:36:00 AM' orderState=Filled instrument='MYM 12-23' orderAction=SellShort orderType='Market' limitPrice=0 stopPrice=0 quantity=10 tif=Gtc oco='' filled=10 averageFillPrice=33513.8 onBehalfOf='' id=5917 time='2023-10-09 10:36:00' gtd='2099-12-01' statementDate='2023-10-09' Order: orderId='120a28598ffe4486ae77eae293956cd4' account='Sim101' name='static1 10/9/2023 10:36:00 AM' orderState=Filled instrument='MYM 12-23' orderAction=BuyToCover orderType='Limit' limitPrice=33454 stopPrice=0 quantity=8 tif=Gtc oco='' filled=8 averageFillPrice=33454 onBehalfOf='' id=5920 time='2023-10-09 10:51:28' gtd='2099-12-01' statementDate='2023-10-09'
OnOrderUpdate - Break - breakEven test True
		 MoveStopLoss - Start 33473.8
		 MoveStopLoss - stoploss not null
		 MoveStopLoss - testing entry orderId='f538adc3e3ce4779b3b55e92f35787cc' account='Sim101' name='Short 10/9/2023 10:36:00 AM' orderState=Filled instrument='MYM 12-23' orderAction=SellShort orderType='Market' limitPrice=0 stopPrice=0 quantity=10 tif=Gtc oco='' filled=10 averageFillPrice=33513.8 onBehalfOf='' id=5917 time='2023-10-09 10:36:00' gtd='2099-12-01' statementDate='2023-10-09'
		 MoveStopLoss - Testing Short Direction True
		 MoveStopLoss - Target check 33473.8 < 33452
		 MoveStopLoss - Safe to move based on Close 
		 MoveStopLoss - Checking Fill Quantity: 3
		 MoveStopLoss - Safe to move based on currentStopLoss 
Main OnOrderUpdate ChangePending 1f4957e5e7fa4cb6849f24d0a00fcc7a
OnOrderUpdate Start ChangePending 1f4957e5e7fa4cb6849f24d0a00fcc7a
OnOrderUpdate - Done ChangePending 1f4957e5e7fa4cb6849f24d0a00fcc7a
Main OnOrderUpdate done ChangePending 1f4957e5e7fa4cb6849f24d0a00fcc7a
		 MoveStopLoss - Moved Stop Loss 33473.8
Move Stop Loss Orders: 
	Entry: orderId='f538adc3e3ce4779b3b55e92f35787cc' account='Sim101' name='Short 10/9/2023 10:36:00 AM' orderState=Filled instrument='MYM 12-23' orderAction=SellShort orderType='Market' limitPrice=0 stopPrice=0 quantity=10 tif=Gtc oco='' filled=10 averageFillPrice=33513.8 onBehalfOf='' id=5917 time='2023-10-09 10:36:00' gtd='2099-12-01' statementDate='2023-10-09'
	StopLoss Order: orderId='1f4957e5e7fa4cb6849f24d0a00fcc7a' account='Sim101' name='Stop Short 10/9/2023 10:36:00 AM' orderState=ChangePending instrument='MYM 12-23' orderAction=BuyToCover orderType='Stop Market' limitPrice=0 stopPrice=33647 quantity=1 tif=Gtc oco='' filled=0 averageFillPrice=0 onBehalfOf='' id=5918 time='2023-10-09 10:51:28' gtd='2099-12-01' statementDate='2023-10-09'
	TakeProfit Orders: 
	orderId='70cc0223aca045a389f693e7bd54024a' account='Sim101' name='static0 10/9/2023 10:36:00 AM' orderState=CancelSubmitted instrument='MYM 12-23' orderAction=BuyToCover orderType='Limit' limitPrice=33314 stopPrice=0 quantity=2 tif=Gtc oco='' filled=0 averageFillPrice=0 onBehalfOf='' id=5919 time='2023-10-09 10:51:28' gtd='2099-12-01' statementDate='2023-10-09'
	orderId='120a28598ffe4486ae77eae293956cd4' account='Sim101' name='static1 10/9/2023 10:36:00 AM' orderState=Filled instrument='MYM 12-23' orderAction=BuyToCover orderType='Limit' limitPrice=33454 stopPrice=0 quantity=8 tif=Gtc oco='' filled=8 averageFillPrice=33454 onBehalfOf='' id=5920 time='2023-10-09 10:51:28' gtd='2099-12-01' statementDate='2023-10-09'
	
	Current Fill: 0
	CurrentStopLoss :33473.8
		 MoveStopLoss - End 33473.8
		 KillEntry Start
		 KillEntry - Done
		 KillEntry - TakeProfits 2
		 KillEntry Loop - Cancel Order 0
		 KillEntry Loop - Cancel Order 1
		 KillEntry - TakeProfits - Done 0
Main OnOrderUpdate CancelPending 1f4957e5e7fa4cb6849f24d0a00fcc7a
OnOrderUpdate Start CancelPending 1f4957e5e7fa4cb6849f24d0a00fcc7a
OnOrderUpdate - Done CancelPending 1f4957e5e7fa4cb6849f24d0a00fcc7a
Main OnOrderUpdate done CancelPending 1f4957e5e7fa4cb6849f24d0a00fcc7a
OnOrderUpdate - Done Filled 120a28598ffe4486ae77eae293956cd4
Main OnOrderUpdate done Filled 120a28598ffe4486ae77eae293956cd4
Calling Breakout OnExecutionUpdate
Execution Order Name: static1 10/9/2023 10:36:00 AM
Main OnOrderUpdate Cancelled 70cc0223aca045a389f693e7bd54024a
OnOrderUpdate Start Cancelled 70cc0223aca045a389f693e7bd54024a
OnOrderUpdate - StopLoss - Count Cancelled 70cc0223aca045a389f693e7bd54024a
OnOrderUpdate - Done Cancelled 70cc0223aca045a389f693e7bd54024a
Main OnOrderUpdate done Cancelled 70cc0223aca045a389f693e7bd54024a
Main OnOrderUpdate CancelPending 1f4957e5e7fa4cb6849f24d0a00fcc7a
OnOrderUpdate Start CancelPending 1f4957e5e7fa4cb6849f24d0a00fcc7a
OnOrderUpdate - Done CancelPending 1f4957e5e7fa4cb6849f24d0a00fcc7a
Main OnOrderUpdate done CancelPending 1f4957e5e7fa4cb6849f24d0a00fcc7a
Main OnOrderUpdate CancelSubmitted 1f4957e5e7fa4cb6849f24d0a00fcc7a
OnOrderUpdate Start CancelSubmitted 1f4957e5e7fa4cb6849f24d0a00fcc7a
OnOrderUpdate - Done CancelSubmitted 1f4957e5e7fa4cb6849f24d0a00fcc7a
Main OnOrderUpdate done CancelSubmitted 1f4957e5e7fa4cb6849f24d0a00fcc7a
Main OnOrderUpdate CancelSubmitted 1f4957e5e7fa4cb6849f24d0a00fcc7a
OnOrderUpdate Start CancelSubmitted 1f4957e5e7fa4cb6849f24d0a00fcc7a
OnOrderUpdate - Done CancelSubmitted 1f4957e5e7fa4cb6849f24d0a00fcc7a
Main OnOrderUpdate done CancelSubmitted 1f4957e5e7fa4cb6849f24d0a00fcc7a
Main OnOrderUpdate Cancelled 1f4957e5e7fa4cb6849f24d0a00fcc7a
OnOrderUpdate Start Cancelled 1f4957e5e7fa4cb6849f24d0a00fcc7a
OnOrderUpdate - StopLoss - Count Cancelled 1f4957e5e7fa4cb6849f24d0a00fcc7a
OnOrderUpdate - Done Cancelled 1f4957e5e7fa4cb6849f24d0a00fcc7a
Main OnOrderUpdate done Cancelled 1f4957e5e7fa4cb6849f24d0a00fcc7a
10/9/2023 10:54:00 AM	 Starting breakTradingManager.OnBarUpdate
10/9/2023 10:54:00 AM	 OnBarUpdate
10/9/2023 10:54:00 AM	 OnBarUpdate - Safety Checks
10/9/2023 10:54:00 AM	 OnBarUpdate - FirstBar of Session?
10/9/2023 10:54:00 AM	 OnBarUpdate - BarsInProgress - ReadyToTakeLong 5
10/9/2023 10:54:00 AM			 Breakout Ready to TakeLong - order null test 
10/9/2023 10:54:00 AM			 Breakout Ready to TakeLong - entriesTaken / maxEntriesPerDay 1/8
10/9/2023 10:54:00 AM			 Breakout Ready to TakeLong - Takelongs? True
10/9/2023 10:54:00 AM			 Breakout Ready to TakeLong - Insession True
10/9/2023 10:54:00 AM			 Breakout Ready to TakeLong - Consolidation test: Bullish_PullBack_DownInner
10/9/2023 10:54:00 AM	 OnBarUpdate - BarsInProgress - ReadyToTakeShort 5
10/9/2023 10:54:00 AM			 Breakout Ready to TakeShort - order null test 
10/9/2023 10:54:00 AM	 OnBarUpdate - BarsInProgress - UpdatePriceAction
10/9/2023 10:54:00 AM Starting Price Action Update Bullish_PullBack_DownInner
10/9/2023 10:54:00 AM	 OnBarUpdate - BarsInProgress - RenderActiveHighAndLow
10/9/2023 10:54:00 AM	 OnBarUpdate - BarsInProgress - Renderconsolidations
					 RenderConsolidation - Config Value True
10/9/2023 10:54:00 AM	 OnBarUpdate - BarsInProgress - RenderUI
10/9/2023 10:54:00 AM	 OnBarUpdate - BarsInProgress - RenderDebugState
10/9/2023 10:54:00 AM	 OnBarUpdate - BarsInProgress- Move Stop Loss False
10/9/2023 10:54:00 AM	 Starting breakTradingManager.OnBarUpdate
10/9/2023 10:54:00 AM	 OnBarUpdate
10/9/2023 10:54:00 AM	 OnBarUpdate - Safety Checks
10/9/2023 10:54:00 AM	 OnBarUpdate - FirstBar of Session?
10/9/2023 10:54:00 AM	 OnBarUpdate - BarsInProgress - ReadyToTakeLong 15
10/9/2023 10:54:00 AM			 Breakout Ready to TakeLong - order null test 
10/9/2023 10:54:00 AM			 Breakout Ready to TakeLong - entriesTaken / maxEntriesPerDay 0/50
10/9/2023 10:54:00 AM			 Breakout Ready to TakeLong - Takelongs? True
10/9/2023 10:54:00 AM			 Breakout Ready to TakeLong - Insession True
10/9/2023 10:54:00 AM			 Breakout Ready to TakeLong - Consolidation test: Bullish_PullBack_DownInner
10/9/2023 10:54:00 AM	 OnBarUpdate - BarsInProgress - ReadyToTakeShort 15
10/9/2023 10:54:00 AM			 Breakout Ready to TakeShort - order null test 
10/9/2023 10:54:00 AM			 Breakout Ready to TakeShort - IsTimeFrame test
10/9/2023 10:54:00 AM	 OnBarUpdate - BarsInProgress - UpdatePriceAction
10/9/2023 10:54:00 AM Starting Price Action Update Bullish_PullBack_DownInner
10/9/2023 10:54:00 AM	 OnBarUpdate - BarsInProgress - RenderActiveHighAndLow
10/9/2023 10:54:00 AM	 OnBarUpdate - BarsInProgress - Renderconsolidations
					 RenderConsolidation - Config Value True
10/9/2023 10:54:00 AM	 OnBarUpdate - BarsInProgress - RenderUI
10/9/2023 10:54:00 AM	 OnBarUpdate - BarsInProgress - RenderDebugState
10/9/2023 10:54:00 AM	 OnBarUpdate - BarsInProgress- Move Stop Loss False
10/9/2023 10:54:00 AM	 Starting breakTradingManager.OnBarUpdate
10/9/2023 10:54:00 AM	 OnBarUpdate
10/9/2023 10:54:00 AM	 OnBarUpdate - Safety Checks
10/9/2023 10:54:00 AM	 OnBarUpdate - FirstBar of Session?
10/9/2023 10:54:00 AM	 OnBarUpdate - BarsInProgress - ReadyToTakeLong 10
10/9/2023 10:54:00 AM			 Breakout Ready to TakeLong - order null test 
10/9/2023 10:54:00 AM			 Breakout Ready to TakeLong - entriesTaken / maxEntriesPerDay 1/3
10/9/2023 10:54:00 AM			 Breakout Ready to TakeLong - Takelongs? False
10/9/2023 10:54:00 AM	 OnBarUpdate - BarsInProgress - ReadyToTakeShort 10
10/9/2023 10:54:00 AM			 Breakout Ready to TakeShort - order null test 
10/9/2023 10:54:00 AM			 Breakout Ready to TakeShort - IsTimeFrame test
10/9/2023 10:54:00 AM	 OnBarUpdate - BarsInProgress - UpdatePriceAction
10/9/2023 10:54:00 AM Starting Price Action Update Bearish
10/9/2023 10:54:00 AM	 OnBarUpdate - BarsInProgress - RenderActiveHighAndLow
10/9/2023 10:54:00 AM	 OnBarUpdate - BarsInProgress - Renderconsolidations
					 RenderConsolidation - Config Value True
10/9/2023 10:54:00 AM	 OnBarUpdate - BarsInProgress - RenderUI
10/9/2023 10:54:00 AM	 OnBarUpdate - BarsInProgress - RenderDebugState
10/9/2023 10:54:00 AM	 OnBarUpdate - BarsInProgress- Move Stop Loss False